{"C:\\Users\\User\\Desktop\\Lorena\\Airport-Challange\\Airport.js": {"path":"C:\\Users\\User\\Desktop\\Lorena\\Airport-Challange\\Airport.js","statementMap":{"0":{"start":{"line":1,"column":15},"end":{"line":1,"column":33}},"1":{"start":{"line":2,"column":14},"end":{"line":2,"column":51}},"2":{"start":{"line":5,"column":18},"end":{"line":5,"column":46}},"3":{"start":{"line":6,"column":4},"end":{"line":6,"column":38}},"4":{"start":{"line":10,"column":3},"end":{"line":13,"column":5}},"5":{"start":{"line":17,"column":4},"end":{"line":20,"column":5}},"6":{"start":{"line":24,"column":23},"end":{"line":24,"column":30}},"7":{"start":{"line":25,"column":4},"end":{"line":27,"column":5}},"8":{"start":{"line":26,"column":8},"end":{"line":26,"column":30}},"9":{"start":{"line":28,"column":4},"end":{"line":37,"column":5}},"10":{"start":{"line":29,"column":8},"end":{"line":29,"column":56}},"11":{"start":{"line":30,"column":11},"end":{"line":37,"column":5}},"12":{"start":{"line":31,"column":8},"end":{"line":31,"column":58}},"13":{"start":{"line":32,"column":11},"end":{"line":37,"column":5}},"14":{"start":{"line":33,"column":8},"end":{"line":33,"column":59}},"15":{"start":{"line":35,"column":8},"end":{"line":35,"column":29}},"16":{"start":{"line":36,"column":8},"end":{"line":36,"column":42}},"17":{"start":{"line":40,"column":23},"end":{"line":40,"column":30}},"18":{"start":{"line":41,"column":4},"end":{"line":43,"column":5}},"19":{"start":{"line":42,"column":8},"end":{"line":42,"column":87}},"20":{"start":{"line":44,"column":4},"end":{"line":52,"column":5}},"21":{"start":{"line":45,"column":8},"end":{"line":45,"column":52}},"22":{"start":{"line":46,"column":11},"end":{"line":52,"column":5}},"23":{"start":{"line":47,"column":8},"end":{"line":47,"column":79}},"24":{"start":{"line":49,"column":8},"end":{"line":49,"column":28}},"25":{"start":{"line":50,"column":8},"end":{"line":50,"column":42}},"26":{"start":{"line":51,"column":8},"end":{"line":51,"column":30}},"27":{"start":{"line":58,"column":0},"end":{"line":64,"column":1}}},"fnMap":{"0":{"name":"randomWeather","decl":{"start":{"line":4,"column":9},"end":{"line":4,"column":22}},"loc":{"start":{"line":4,"column":32},"end":{"line":7,"column":1}},"line":4},"1":{"name":"createPlane","decl":{"start":{"line":9,"column":9},"end":{"line":9,"column":20}},"loc":{"start":{"line":9,"column":23},"end":{"line":14,"column":1}},"line":9},"2":{"name":"createAirport","decl":{"start":{"line":16,"column":9},"end":{"line":16,"column":22}},"loc":{"start":{"line":16,"column":33},"end":{"line":21,"column":1}},"line":16},"3":{"name":"land","decl":{"start":{"line":23,"column":9},"end":{"line":23,"column":13}},"loc":{"start":{"line":23,"column":45},"end":{"line":38,"column":1}},"line":23},"4":{"name":"takeOff","decl":{"start":{"line":39,"column":9},"end":{"line":39,"column":16}},"loc":{"start":{"line":39,"column":48},"end":{"line":53,"column":1}},"line":39}},"branchMap":{"0":{"loc":{"start":{"line":25,"column":4},"end":{"line":27,"column":5}},"type":"if","locations":[{"start":{"line":25,"column":4},"end":{"line":27,"column":5}},{"start":{"line":25,"column":4},"end":{"line":27,"column":5}}],"line":25},"1":{"loc":{"start":{"line":28,"column":4},"end":{"line":37,"column":5}},"type":"if","locations":[{"start":{"line":28,"column":4},"end":{"line":37,"column":5}},{"start":{"line":28,"column":4},"end":{"line":37,"column":5}}],"line":28},"2":{"loc":{"start":{"line":30,"column":11},"end":{"line":37,"column":5}},"type":"if","locations":[{"start":{"line":30,"column":11},"end":{"line":37,"column":5}},{"start":{"line":30,"column":11},"end":{"line":37,"column":5}}],"line":30},"3":{"loc":{"start":{"line":32,"column":11},"end":{"line":37,"column":5}},"type":"if","locations":[{"start":{"line":32,"column":11},"end":{"line":37,"column":5}},{"start":{"line":32,"column":11},"end":{"line":37,"column":5}}],"line":32},"4":{"loc":{"start":{"line":41,"column":4},"end":{"line":43,"column":5}},"type":"if","locations":[{"start":{"line":41,"column":4},"end":{"line":43,"column":5}},{"start":{"line":41,"column":4},"end":{"line":43,"column":5}}],"line":41},"5":{"loc":{"start":{"line":44,"column":4},"end":{"line":52,"column":5}},"type":"if","locations":[{"start":{"line":44,"column":4},"end":{"line":52,"column":5}},{"start":{"line":44,"column":4},"end":{"line":52,"column":5}}],"line":44},"6":{"loc":{"start":{"line":46,"column":11},"end":{"line":52,"column":5}},"type":"if","locations":[{"start":{"line":46,"column":11},"end":{"line":52,"column":5}},{"start":{"line":46,"column":11},"end":{"line":52,"column":5}}],"line":46}},"s":{"0":1,"1":1,"2":2,"3":2,"4":21,"5":11,"6":11,"7":11,"8":1,"9":10,"10":1,"11":9,"12":1,"13":8,"14":2,"15":6,"16":6,"17":6,"18":6,"19":1,"20":5,"21":1,"22":4,"23":1,"24":3,"25":3,"26":3,"27":1},"f":{"0":2,"1":21,"2":11,"3":11,"4":6},"b":{"0":[1,10],"1":[1,9],"2":[1,8],"3":[2,6],"4":[1,5],"5":[1,4],"6":[1,3]},"_coverageSchema":"43e27e138ebf9cfc5966b082cf9a028302ed4184","hash":"e7b00ed17ee9f1ed8d01cd7f8b930c4da506cdf7"}
}
