TN:
SF:C:\Users\User\Desktop\Lorena\Airport-Challange\Airport.js
FN:4,randomWeather
FN:9,createPlane
FN:16,createAirport
FN:23,land
FN:39,takeOff
FNF:5
FNH:5
FNDA:2,randomWeather
FNDA:21,createPlane
FNDA:11,createAirport
FNDA:11,land
FNDA:6,takeOff
DA:1,1
DA:2,1
DA:5,2
DA:6,2
DA:10,21
DA:17,11
DA:24,11
DA:25,11
DA:26,1
DA:28,10
DA:29,1
DA:30,9
DA:31,1
DA:32,8
DA:33,2
DA:35,6
DA:36,6
DA:40,6
DA:41,6
DA:42,1
DA:44,5
DA:45,1
DA:46,4
DA:47,1
DA:49,3
DA:50,3
DA:51,3
DA:58,1
LF:28
LH:28
BRDA:25,0,0,1
BRDA:25,0,1,10
BRDA:28,1,0,1
BRDA:28,1,1,9
BRDA:30,2,0,1
BRDA:30,2,1,8
BRDA:32,3,0,2
BRDA:32,3,1,6
BRDA:41,4,0,1
BRDA:41,4,1,5
BRDA:44,5,0,1
BRDA:44,5,1,4
BRDA:46,6,0,1
BRDA:46,6,1,3
BRF:14
BRH:14
end_of_record
